This is pdfTeX, Version 3.141592653-2.6-1.40.23 (MiKTeX 21.10) (preloaded format=pdflatex 2021.11.19)  20 NOV 2021 20:24
entering extended mode
**./exercise-3.tex
(exercise-3.tex
LaTeX2e <2020-10-01> patch level 2
L3 programming layer <2020-12-07> xparse <2020-03-03>
(C:\Users\USER\AppData\Local\Programs\MiKTeX\tex/latex/base\article.cls
Document Class: article 2020/04/10 v1.4m Standard LaTeX document class
(C:\Users\USER\AppData\Local\Programs\MiKTeX\tex/latex/base\size10.clo
File: size10.clo 2020/04/10 v1.4m Standard LaTeX file (size option)
)
\c@part=\count177
\c@section=\count178
\c@subsection=\count179
\c@subsubsection=\count180
\c@paragraph=\count181
\c@subparagraph=\count182
\c@figure=\count183
\c@table=\count184
\abovecaptionskip=\skip47
\belowcaptionskip=\skip48
\bibindent=\dimen138
)
(C:\Users\USER\AppData\Local\Programs\MiKTeX\tex/latex/graphics\graphicx.sty
Package: graphicx 2020/09/09 v1.2b Enhanced LaTeX Graphics (DPC,SPQR)

(C:\Users\USER\AppData\Local\Programs\MiKTeX\tex/latex/graphics\keyval.sty
Package: keyval 2014/10/28 v1.15 key=value parser (DPC)
\KV@toks@=\toks15
)
(C:\Users\USER\AppData\Local\Programs\MiKTeX\tex/latex/graphics\graphics.sty
Package: graphics 2020/08/30 v1.4c Standard LaTeX Graphics (DPC,SPQR)

(C:\Users\USER\AppData\Local\Programs\MiKTeX\tex/latex/graphics\trig.sty
Package: trig 2016/01/03 v1.10 sin cos tan (DPC)
)
(C:\Users\USER\AppData\Local\Programs\MiKTeX\tex/latex/graphics-cfg\graphics.cf
g
File: graphics.cfg 2016/06/04 v1.11 sample graphics configuration
)
Package graphics Info: Driver file: pdftex.def on input line 105.

(C:\Users\USER\AppData\Local\Programs\MiKTeX\tex/latex/graphics-def\pdftex.def
File: pdftex.def 2020/10/05 v1.2a Graphics/color driver for pdftex
))
\Gin@req@height=\dimen139
\Gin@req@width=\dimen140
) (C:\Users\USER\AppData\Local\Programs\MiKTeX\tex/latex/multirow\multirow.sty
Package: multirow 2021/03/15 v2.8 Span multiple rows of a table
\multirow@colwidth=\skip49
\multirow@cntb=\count185
\multirow@dima=\skip50
\bigstrutjot=\dimen141
) (C:\Users\USER\AppData\Local\Programs\MiKTeX\tex/latex/siunitx\siunitx.sty
Package: siunitx 2021-11-03 v3.0.35 A comprehensive (SI) units package
\l__siunitx_angle_tmp_dim=\dimen142
\l__siunitx_angle_marker_box=\box47
\l__siunitx_angle_unit_box=\box48
\l__siunitx_compound_count_int=\count186

(C:\Users\USER\AppData\Local\Programs\MiKTeX\tex/latex/translations\translation
s.sty
Package: translations 2021/01/17 v1.10a internationalization of LaTeX2e package
s (CN)

(C:\Users\USER\AppData\Local\Programs\MiKTeX\tex/latex/etoolbox\etoolbox.sty
Package: etoolbox 2020/10/05 v2.5k e-TeX tools for LaTeX (JAW)
\etb@tempcnta=\count187
)
(C:\Users\USER\AppData\Local\Programs\MiKTeX\tex/generic/pdftexcmds\pdftexcmds.
sty
Package: pdftexcmds 2020-06-27 v0.33 Utility functions of pdfTeX for LuaTeX (HO
)

(C:\Users\USER\AppData\Local\Programs\MiKTeX\tex/generic/infwarerr\infwarerr.st
y
Package: infwarerr 2019/12/03 v1.5 Providing info/warning/error messages (HO)
) (C:\Users\USER\AppData\Local\Programs\MiKTeX\tex/generic/iftex\iftex.sty
Package: iftex 2020/03/06 v1.0d TeX engine tests
)
(C:\Users\USER\AppData\Local\Programs\MiKTeX\tex/generic/ltxcmds\ltxcmds.sty
Package: ltxcmds 2020-05-10 v1.25 LaTeX kernel commands for general use (HO)
)
Package pdftexcmds Info: \pdf@primitive is available.
Package pdftexcmds Info: \pdf@ifprimitive is available.
Package pdftexcmds Info: \pdfdraftmode found.
))
\l__siunitx_number_exponent_fixed_int=\count188
\l__siunitx_number_min_decimal_int=\count189
\l__siunitx_number_min_integer_int=\count190
\l__siunitx_number_round_precision_int=\count191
\l__siunitx_number_group_minimum_int=\count192
(C:\Users\USER\AppData\Local\Programs\MiKTeX\tex/latex/amsmath\amstext.sty
Package: amstext 2000/06/29 v2.01 AMS text

(C:\Users\USER\AppData\Local\Programs\MiKTeX\tex/latex/amsmath\amsgen.sty
File: amsgen.sty 1999/11/30 v2.0 generic functions
\@emptytoks=\toks16
\ex@=\dimen143
))
\l__siunitx_table_tmp_box=\box49
\l__siunitx_table_tmp_dim=\dimen144
\l__siunitx_table_column_width_dim=\dimen145
\l__siunitx_table_integer_box=\box50
\l__siunitx_table_decimal_box=\box51
\l__siunitx_table_before_box=\box52
\l__siunitx_table_after_box=\box53
\l__siunitx_table_before_dim=\dimen146
\l__siunitx_table_carry_dim=\dimen147
\l__siunitx_unit_tmp_int=\count193
\l__siunitx_unit_position_int=\count194
\l__siunitx_unit_total_int=\count195

(C:\Users\USER\AppData\Local\Programs\MiKTeX\tex/latex/l3packages/l3keys2e\l3ke
ys2e.sty
(C:\Users\USER\AppData\Local\Programs\MiKTeX\tex/latex/l3kernel\expl3.sty
Package: expl3 2020-12-07 L3 programming layer (loader) 

(C:\Users\USER\AppData\Local\Programs\MiKTeX\tex/latex/l3backend\l3backend-pdft
ex.def
File: l3backend-pdftex.def 2020-09-24 L3 backend support: PDF output (pdfTeX)
\l__kernel_color_stack_int=\count196
\l__pdf_internal_box=\box54
))
Package: l3keys2e 2020-10-27 LaTeX2e option processing using LaTeX3 keys
)

LaTeX3 Info: Defining command \DeclareSIPower with sig. '+m+mm' on line 7299.


LaTeX3 Info: Defining command \DeclareSIPrefix with sig. '+mmm' on line 7303.


LaTeX3 Info: Defining command \DeclareSIQualifier with sig. '+mm' on line
(LaTeX3)     7307.


LaTeX3 Info: Defining command \DeclareSIUnit with sig. 'o+mm' on line 7313.


LaTeX3 Info: Defining command \qty with sig. 'O{}m>{\TrimSpaces }m' on line
(LaTeX3)     7333.


LaTeX3 Info: Defining command \ang with sig. 'O{}>{\SplitArgument {2}{;}}m' on
(LaTeX3)     line 7341.


LaTeX3 Info: Defining command \num with sig. 'O{}m' on line 7350.


LaTeX3 Info: Defining command \unit with sig. 'O{}>{\TrimSpaces }m' on line
(LaTeX3)     7371.


LaTeX3 Info: Defining command \qtylist with sig. 'O{}>{\SplitList
(LaTeX3)     {;}}m>{\TrimSpaces }m' on line 7381.


LaTeX3 Info: Defining command \numlist with sig. 'O{}>{\SplitList {;}}m' on
(LaTeX3)     line 7389.


LaTeX3 Info: Defining command \qtyproduct with sig. 'O{}>{\SplitList
(LaTeX3)     {x}}m>{\TrimSpaces }m' on line 7399.


LaTeX3 Info: Defining command \numproduct with sig. 'O{}>{\SplitList
(LaTeX3)     {x}}>{\TrimSpaces }m' on line 7408.


LaTeX3 Info: Defining command \qtyrange with sig. 'O{}mm>{\TrimSpaces }m' on
(LaTeX3)     line 7417.


LaTeX3 Info: Defining command \numrange with sig. 'O{}mm' on line 7425.


LaTeX3 Info: Defining command \complexnum with sig. 'O{}m' on line 7433.


LaTeX3 Info: Defining command \complexqty with sig. 'O{}mm' on line 7442.


LaTeX3 Info: Defining command \tablenum with sig. 'O{}m' on line 7452.


LaTeX3 Info: Defining command \sisetup with sig. 'm' on line 7454.


(C:\Users\USER\AppData\Local\Programs\MiKTeX\tex/latex/tools\array.sty
Package: array 2019/08/31 v2.4l Tabular extension package (FMi)
\col@sep=\dimen148
\ar@mcellbox=\box55
\extrarowheight=\dimen149
\NC@list=\toks17
\extratabsurround=\skip51
\backup@length=\skip52
\ar@cellbox=\box56
)

LaTeX3 Info: Defining command \qty (pdfstring context) with sig. 'omm' on line
(LaTeX3)     7524.


LaTeX3 Info: Defining command \ang (pdfstring context) with sig. 'm' on line
(LaTeX3)     7525.


LaTeX3 Info: Defining command \num (pdfstring context) with sig. 'om' on line
(LaTeX3)     7526.


LaTeX3 Info: Defining command \unit (pdfstring context) with sig. 'om' on line
(LaTeX3)     7527.


LaTeX3 Info: Defining command \numlist (pdfstring context) with sig. 'om' on
(LaTeX3)     line 7534.


LaTeX3 Info: Defining command \qtylist (pdfstring context) with sig. 'omm' on
(LaTeX3)     line 7541.


LaTeX3 Info: Defining command \numproduct (pdfstring context) with sig. 'om'
(LaTeX3)     on line 7542.


LaTeX3 Info: Defining command \qtyproduct (pdfstring context) with sig. 'omm'
(LaTeX3)     on line 7543.


LaTeX3 Info: Defining command \numrange (pdfstring context) with sig. 'omm' on
(LaTeX3)     line 7545.


LaTeX3 Info: Defining command \qtyrange (pdfstring context) with sig. 'ommm'
(LaTeX3)     on line 7547.


LaTeX3 Info: Defining command \si (pdfstring context) with sig. 'om' on line
(LaTeX3)     7548.


LaTeX3 Info: Defining command \SI (pdfstring context) with sig. 'omO{}m' on
(LaTeX3)     line 7549.


LaTeX3 Info: Defining command \SIlist (pdfstring context) with sig. 'omm' on
(LaTeX3)     line 7556.


LaTeX3 Info: Defining command \SIrange (pdfstring context) with sig. 'ommm' on
(LaTeX3)     line 7558.


LaTeX3 Info: Defining command \DeclareBinaryPrefix with sig. '+mmm' on line
(LaTeX3)     7657.


LaTeX3 Info: Defining command \DeclareSIPrePower with sig. '+mm' on line 7662.


LaTeX3 Info: Defining command \DeclareSIPostPower with sig. '+mm' on line
(LaTeX3)     7667.


LaTeX3 Info: Defining command \si with sig. 'O{}m' on line 7676.


LaTeX3 Info: Defining command \SI with sig. 'O{}mom' on line 7690.


LaTeX3 Info: Defining command \SIlist with sig. 'O{}>{\SplitList
(LaTeX3)     {;}}m>{\TrimSpaces }m' on line 7700.


LaTeX3 Info: Defining command \SIrange with sig. 'O{}mm>{\TrimSpaces }m' on
(LaTeX3)     line 7709.


LaTeX3 Info: Defining command \SendSettingsToPgf with sig. '' on line 7896.

)
Package translations Info: No language package found. I am going to use `englis
h' as default language. on input line 8.

(exercise-3.aux)
\openout1 = `exercise-3.aux'.

LaTeX Font Info:    Checking defaults for OML/cmm/m/it on input line 8.
LaTeX Font Info:    ... okay on input line 8.
LaTeX Font Info:    Checking defaults for OMS/cmsy/m/n on input line 8.
LaTeX Font Info:    ... okay on input line 8.
LaTeX Font Info:    Checking defaults for OT1/cmr/m/n on input line 8.
LaTeX Font Info:    ... okay on input line 8.
LaTeX Font Info:    Checking defaults for T1/cmr/m/n on input line 8.
LaTeX Font Info:    ... okay on input line 8.
LaTeX Font Info:    Checking defaults for TS1/cmr/m/n on input line 8.
LaTeX Font Info:    ... okay on input line 8.
LaTeX Font Info:    Checking defaults for OMX/cmex/m/n on input line 8.
LaTeX Font Info:    ... okay on input line 8.
LaTeX Font Info:    Checking defaults for U/cmr/m/n on input line 8.
LaTeX Font Info:    ... okay on input line 8.

(C:\Users\USER\AppData\Local\Programs\MiKTeX\tex/context/base/mkii\supp-pdf.mki
i
[Loading MPS to PDF converter (version 2006.09.02).]
\scratchcounter=\count197
\scratchdimen=\dimen150
\scratchbox=\box57
\nofMPsegments=\count198
\nofMParguments=\count199
\everyMPshowfont=\toks18
\MPscratchCnt=\count266
\MPscratchDim=\dimen151
\MPnumerator=\count267
\makeMPintoPDFobject=\count268
\everyMPtoPDFconversion=\toks19
)
(C:\Users\USER\AppData\Local\Programs\MiKTeX\tex/latex/epstopdf-pkg\epstopdf-ba
se.sty
Package: epstopdf-base 2020-01-24 v2.11 Base part for package epstopdf
Package epstopdf-base Info: Redefining graphics rule for `.eps' on input line 4
85.
 (C:\Program Files\MiKTeX\tex/latex/00miktex\epstopdf-sys.cfg
File: epstopdf-sys.cfg 2021/03/18 v2.0 Configuration of epstopdf for MiKTeX
))
(C:\Users\USER\AppData\Local\Programs\MiKTeX\tex/latex/graphics\color.sty
Package: color 2020/02/24 v1.2b Standard LaTeX Color (DPC)

(C:\Users\USER\AppData\Local\Programs\MiKTeX\tex/latex/graphics-cfg\color.cfg
File: color.cfg 2016/01/02 v1.6 sample color configuration
)
Package color Info: Driver file: pdftex.def on input line 147.
)
(C:\Users\USER\AppData\Local\Programs\MiKTeX\tex/latex/translations/dicts\trans
lations-basic-dictionary-english.trsl
File: translations-basic-dictionary-english.trsl (english translation file `tra
nslations-basic-dictionary')
)
Package translations Info: loading dictionary `translations-basic-dictionary' f
or `english'. on input line 8.
LaTeX Font Info:    External font `cmex10' loaded for size
(Font)              <7> on input line 12.
LaTeX Font Info:    External font `cmex10' loaded for size
(Font)              <5> on input line 12.
<tablet.jpg, id=1, 474.77374pt x 252.945pt>
File: tablet.jpg Graphic file (type jpg)
<use tablet.jpg>
Package pdftex.def Info: tablet.jpg  used on input line 21.
(pdftex.def)             Requested size: 24.15253pt x 12.86412pt.
 [1

{C:/Users/USER/AppData/Local/MiKTeX/pdftex/config/pdftex.map} <./tablet.jpg>] (
exercise-3.aux) ) 
Here is how much of TeX's memory you used:
 5333 strings out of 479689
 133503 string characters out of 2867451
 376993 words of memory out of 3000000
 22417 multiletter control sequences out of 15000+600000
 403738 words of font info for 28 fonts, out of 8000000 for 9000
 1141 hyphenation exceptions out of 8191
 81i,14n,86p,260b,510s stack positions out of 5000i,500n,10000p,200000b,80000s
<C:/Users/USER/AppData/Local/Programs/MiKTeX/fonts/type1/publi
c/amsfonts/cm/cmbx10.pfb><C:/Users/USER/AppData/Local/Programs/MiKTeX/fonts/typ
e1/public/amsfonts/cm/cmmi10.pfb><C:/Users/USER/AppData/Local/Programs/MiKTeX/f
onts/type1/public/amsfonts/cm/cmr10.pfb>
Output written on exercise-3.pdf (1 page, 51339 bytes).
PDF statistics:
 19 PDF objects out of 1000 (max. 8388607)
 0 named destinations out of 1000 (max. 500000)
 6 words of extra memory for PDF output out of 10000 (max. 10000000)

